{"/Users/jessereese/Code/trading-service/src/app.module.ts": {"path":"/Users/jessereese/Code/trading-service/src/app.module.ts","statementMap":{"0":{"start":{"line":1,"column":0},"end":{"line":1,"column":40}},"1":{"start":{"line":2,"column":0},"end":{"line":2,"column":46}},"2":{"start":{"line":3,"column":0},"end":{"line":3,"column":43}},"3":{"start":{"line":4,"column":0},"end":{"line":4,"column":69}},"4":{"start":{"line":5,"column":0},"end":{"line":5,"column":71}},"5":{"start":{"line":6,"column":0},"end":{"line":6,"column":78}},"6":{"start":{"line":7,"column":0},"end":{"line":7,"column":94}},"7":{"start":{"line":8,"column":0},"end":{"line":8,"column":88}},"8":{"start":{"line":9,"column":0},"end":{"line":9,"column":68}},"9":{"start":{"line":10,"column":0},"end":{"line":10,"column":91}},"10":{"start":{"line":11,"column":0},"end":{"line":11,"column":71}},"11":{"start":{"line":35,"column":7},"end":{"line":35,"column":null}},"12":{"start":{"line":35,"column":13},"end":{"line":35,"column":22}},"13":{"start":{"line":35,"column":13},"end":{"line":35,"column":null}}},"fnMap":{},"branchMap":{},"s":{"0":0,"1":0,"2":0,"3":0,"4":0,"5":0,"6":0,"7":0,"8":0,"9":0,"10":0,"11":0,"12":0,"13":0},"f":{},"b":{}}
,"/Users/jessereese/Code/trading-service/src/main.ts": {"path":"/Users/jessereese/Code/trading-service/src/main.ts","statementMap":{"0":{"start":{"line":1,"column":0},"end":{"line":1,"column":43}},"1":{"start":{"line":2,"column":0},"end":{"line":2,"column":41}},"2":{"start":{"line":5,"column":14},"end":{"line":5,"column":49}},"3":{"start":{"line":6,"column":2},"end":{"line":6,"column":45}},"4":{"start":{"line":8,"column":0},"end":{"line":8,"column":12}}},"fnMap":{"0":{"name":"bootstrap","decl":{"start":{"line":4,"column":15},"end":{"line":4,"column":24}},"loc":{"start":{"line":4,"column":24},"end":{"line":7,"column":1}}}},"branchMap":{"0":{"loc":{"start":{"line":6,"column":19},"end":{"line":6,"column":43}},"type":"binary-expr","locations":[{"start":{"line":6,"column":19},"end":{"line":6,"column":35}},{"start":{"line":6,"column":39},"end":{"line":6,"column":43}}]}},"s":{"0":0,"1":0,"2":0,"3":0,"4":0},"f":{"0":0},"b":{"0":[0,0]}}
,"/Users/jessereese/Code/trading-service/src/api/trading/trading.controller.ts": {"path":"/Users/jessereese/Code/trading-service/src/api/trading/trading.controller.ts","statementMap":{"0":{"start":{"line":1,"column":0},"end":{"line":1,"column":null}},"1":{"start":{"line":7,"column":0},"end":{"line":7,"column":70}},"2":{"start":{"line":8,"column":0},"end":{"line":8,"column":75}},"3":{"start":{"line":11,"column":30},"end":{"line":70,"column":null}},"4":{"start":{"line":15,"column":21},"end":{"line":15,"column":37}},"5":{"start":{"line":16,"column":21},"end":{"line":16,"column":38}},"6":{"start":{"line":12,"column":19},"end":{"line":12,"column":63}},"7":{"start":{"line":21,"column":4},"end":{"line":32,"column":5}},"8":{"start":{"line":22,"column":6},"end":{"line":22,"column":50}},"9":{"start":{"line":23,"column":6},"end":{"line":26,"column":8}},"10":{"start":{"line":28,"column":6},"end":{"line":28,"column":75}},"11":{"start":{"line":29,"column":6},"end":{"line":31,"column":8}},"12":{"start":{"line":37,"column":4},"end":{"line":37,"column":52}},"13":{"start":{"line":38,"column":21},"end":{"line":38,"column":60}},"14":{"start":{"line":39,"column":4},"end":{"line":39,"column":45}},"15":{"start":{"line":47,"column":4},"end":{"line":47,"column":58}},"16":{"start":{"line":48,"column":4},"end":{"line":56,"column":5}},"17":{"start":{"line":49,"column":23},"end":{"line":49,"column":68}},"18":{"start":{"line":50,"column":6},"end":{"line":50,"column":47}},"19":{"start":{"line":52,"column":6},"end":{"line":52,"column":81}},"20":{"start":{"line":53,"column":6},"end":{"line":55,"column":8}},"21":{"start":{"line":65,"column":4},"end":{"line":65,"column":50}},"22":{"start":{"line":66,"column":21},"end":{"line":66,"column":61}},"23":{"start":{"line":67,"column":4},"end":{"line":67,"column":26}},"24":{"start":{"line":68,"column":4},"end":{"line":68,"column":45}},"25":{"start":{"line":11,"column":13},"end":{"line":11,"column":30}},"26":{"start":{"line":20,"column":8},"end":{"line":33,"column":null}},"27":{"start":{"line":36,"column":8},"end":{"line":40,"column":null}},"28":{"start":{"line":46,"column":8},"end":{"line":57,"column":null}},"29":{"start":{"line":64,"column":8},"end":{"line":69,"column":null}},"30":{"start":{"line":11,"column":13},"end":{"line":70,"column":null}}},"fnMap":{"0":{"name":"(anonymous_2)","decl":{"start":{"line":14,"column":2},"end":{"line":14,"column":null}},"loc":{"start":{"line":16,"column":53},"end":{"line":17,"column":6}}},"1":{"name":"(anonymous_3)","decl":{"start":{"line":20,"column":2},"end":{"line":20,"column":7}},"loc":{"start":{"line":20,"column":23},"end":{"line":33,"column":3}}},"2":{"name":"(anonymous_4)","decl":{"start":{"line":36,"column":2},"end":{"line":36,"column":7}},"loc":{"start":{"line":36,"column":15},"end":{"line":40,"column":3}}},"3":{"name":"(anonymous_5)","decl":{"start":{"line":46,"column":2},"end":{"line":46,"column":7}},"loc":{"start":{"line":46,"column":22},"end":{"line":57,"column":3}}},"4":{"name":"(anonymous_6)","decl":{"start":{"line":64,"column":2},"end":{"line":64,"column":7}},"loc":{"start":{"line":64,"column":17},"end":{"line":69,"column":3}}}},"branchMap":{},"s":{"0":0,"1":0,"2":0,"3":0,"4":0,"5":0,"6":0,"7":0,"8":0,"9":0,"10":0,"11":0,"12":0,"13":0,"14":0,"15":0,"16":0,"17":0,"18":0,"19":0,"20":0,"21":0,"22":0,"23":0,"24":0,"25":0,"26":0,"27":0,"28":0,"29":0,"30":0},"f":{"0":0,"1":0,"2":0,"3":0,"4":0},"b":{}}
,"/Users/jessereese/Code/trading-service/src/services/coinbase/coinbase.service.ts": {"path":"/Users/jessereese/Code/trading-service/src/services/coinbase/coinbase.service.ts","statementMap":{"0":{"start":{"line":1,"column":0},"end":{"line":1,"column":52}},"1":{"start":{"line":2,"column":0},"end":{"line":2,"column":58}},"2":{"start":{"line":4,"column":0},"end":{"line":4,"column":47}},"3":{"start":{"line":5,"column":0},"end":{"line":5,"column":33}},"4":{"start":{"line":6,"column":0},"end":{"line":6,"column":36}},"5":{"start":{"line":9,"column":28},"end":{"line":129,"column":null}},"6":{"start":{"line":20,"column":31},"end":{"line":20,"column":46}},"7":{"start":{"line":10,"column":19},"end":{"line":10,"column":61}},"8":{"start":{"line":14,"column":19},"end":{"line":14,"column":39}},"9":{"start":{"line":15,"column":19},"end":{"line":15,"column":41}},"10":{"start":{"line":16,"column":19},"end":{"line":16,"column":52}},"11":{"start":{"line":17,"column":19},"end":{"line":17,"column":62}},"12":{"start":{"line":21,"column":4},"end":{"line":21,"column":70}},"13":{"start":{"line":22,"column":4},"end":{"line":22,"column":69}},"14":{"start":{"line":24,"column":4},"end":{"line":26,"column":5}},"15":{"start":{"line":25,"column":6},"end":{"line":25,"column":70}},"16":{"start":{"line":28,"column":4},"end":{"line":28,"column":78}},"17":{"start":{"line":31,"column":4},"end":{"line":31,"column":85}},"18":{"start":{"line":35,"column":20},"end":{"line":41,"column":6}},"19":{"start":{"line":43,"column":19},"end":{"line":47,"column":6}},"20":{"start":{"line":49,"column":4},"end":{"line":49,"column":24}},"21":{"start":{"line":53,"column":37},"end":{"line":56,"column":6}},"22":{"start":{"line":58,"column":4},"end":{"line":58,"column":25}},"23":{"start":{"line":59,"column":4},"end":{"line":59,"column":25}},"24":{"start":{"line":61,"column":4},"end":{"line":61,"column":55}},"25":{"start":{"line":65,"column":4},"end":{"line":76,"column":5}},"26":{"start":{"line":66,"column":23},"end":{"line":66,"column":49}},"27":{"start":{"line":67,"column":6},"end":{"line":72,"column":10}},"28":{"start":{"line":67,"column":65},"end":{"line":72,"column":8}},"29":{"start":{"line":74,"column":6},"end":{"line":74,"column":65}},"30":{"start":{"line":75,"column":6},"end":{"line":75,"column":18}},"31":{"start":{"line":80,"column":4},"end":{"line":92,"column":5}},"32":{"start":{"line":81,"column":21},"end":{"line":81,"column":49}},"33":{"start":{"line":82,"column":24},"end":{"line":86,"column":8}},"34":{"start":{"line":87,"column":6},"end":{"line":87,"column":45}},"35":{"start":{"line":88,"column":6},"end":{"line":88,"column":48}},"36":{"start":{"line":90,"column":6},"end":{"line":90,"column":90}},"37":{"start":{"line":91,"column":6},"end":{"line":91,"column":18}},"38":{"start":{"line":96,"column":4},"end":{"line":102,"column":5}},"39":{"start":{"line":97,"column":21},"end":{"line":97,"column":42}},"40":{"start":{"line":98,"column":6},"end":{"line":98,"column":44}},"41":{"start":{"line":100,"column":6},"end":{"line":100,"column":65}},"42":{"start":{"line":101,"column":6},"end":{"line":101,"column":18}},"43":{"start":{"line":106,"column":4},"end":{"line":108,"column":5}},"44":{"start":{"line":107,"column":6},"end":{"line":107,"column":58}},"45":{"start":{"line":109,"column":4},"end":{"line":114,"column":6}},"46":{"start":{"line":118,"column":4},"end":{"line":120,"column":5}},"47":{"start":{"line":119,"column":6},"end":{"line":119,"column":57}},"48":{"start":{"line":121,"column":4},"end":{"line":127,"column":6}},"49":{"start":{"line":9,"column":13},"end":{"line":9,"column":28}},"50":{"start":{"line":9,"column":13},"end":{"line":129,"column":null}}},"fnMap":{"0":{"name":"(anonymous_2)","decl":{"start":{"line":20,"column":2},"end":{"line":20,"column":31}},"loc":{"start":{"line":20,"column":59},"end":{"line":32,"column":3}}},"1":{"name":"(anonymous_3)","decl":{"start":{"line":34,"column":2},"end":{"line":34,"column":13}},"loc":{"start":{"line":34,"column":13},"end":{"line":62,"column":3}}},"2":{"name":"(anonymous_4)","decl":{"start":{"line":64,"column":2},"end":{"line":64,"column":7}},"loc":{"start":{"line":64,"column":19},"end":{"line":77,"column":3}}},"3":{"name":"(anonymous_5)","decl":{"start":{"line":67,"column":31},"end":{"line":67,"column":32}},"loc":{"start":{"line":67,"column":65},"end":{"line":72,"column":8}}},"4":{"name":"(anonymous_6)","decl":{"start":{"line":79,"column":2},"end":{"line":79,"column":7}},"loc":{"start":{"line":79,"column":50},"end":{"line":93,"column":3}}},"5":{"name":"(anonymous_7)","decl":{"start":{"line":95,"column":2},"end":{"line":95,"column":7}},"loc":{"start":{"line":95,"column":20},"end":{"line":103,"column":3}}},"6":{"name":"(anonymous_8)","decl":{"start":{"line":105,"column":10},"end":{"line":105,"column":27}},"loc":{"start":{"line":105,"column":39},"end":{"line":115,"column":3}}},"7":{"name":"(anonymous_9)","decl":{"start":{"line":117,"column":10},"end":{"line":117,"column":26}},"loc":{"start":{"line":117,"column":37},"end":{"line":128,"column":3}}}},"branchMap":{"0":{"loc":{"start":{"line":24,"column":4},"end":{"line":26,"column":5}},"type":"if","locations":[{"start":{"line":24,"column":4},"end":{"line":26,"column":5}}]},"1":{"loc":{"start":{"line":24,"column":8},"end":{"line":24,"column":44}},"type":"binary-expr","locations":[{"start":{"line":24,"column":8},"end":{"line":24,"column":24}},{"start":{"line":24,"column":28},"end":{"line":24,"column":44}}]},"2":{"loc":{"start":{"line":69,"column":14},"end":{"line":69,"column":31}},"type":"binary-expr","locations":[{"start":{"line":69,"column":14},"end":{"line":69,"column":25}},{"start":{"line":69,"column":29},"end":{"line":69,"column":31}}]},"3":{"loc":{"start":{"line":70,"column":24},"end":{"line":70,"column":51}},"type":"binary-expr","locations":[{"start":{"line":70,"column":24},"end":{"line":70,"column":45}},{"start":{"line":70,"column":49},"end":{"line":70,"column":51}}]},"4":{"loc":{"start":{"line":106,"column":4},"end":{"line":108,"column":5}},"type":"if","locations":[{"start":{"line":106,"column":4},"end":{"line":108,"column":5}}]},"5":{"loc":{"start":{"line":106,"column":8},"end":{"line":106,"column":39}},"type":"binary-expr","locations":[{"start":{"line":106,"column":8},"end":{"line":106,"column":18}},{"start":{"line":106,"column":22},"end":{"line":106,"column":39}}]},"6":{"loc":{"start":{"line":111,"column":12},"end":{"line":111,"column":29}},"type":"binary-expr","locations":[{"start":{"line":111,"column":12},"end":{"line":111,"column":23}},{"start":{"line":111,"column":27},"end":{"line":111,"column":29}}]},"7":{"loc":{"start":{"line":112,"column":22},"end":{"line":112,"column":49}},"type":"binary-expr","locations":[{"start":{"line":112,"column":22},"end":{"line":112,"column":43}},{"start":{"line":112,"column":47},"end":{"line":112,"column":49}}]},"8":{"loc":{"start":{"line":118,"column":4},"end":{"line":120,"column":5}},"type":"if","locations":[{"start":{"line":118,"column":4},"end":{"line":120,"column":5}}]},"9":{"loc":{"start":{"line":118,"column":8},"end":{"line":118,"column":34}},"type":"binary-expr","locations":[{"start":{"line":118,"column":8},"end":{"line":118,"column":17}},{"start":{"line":118,"column":21},"end":{"line":118,"column":34}}]}},"s":{"0":2,"1":2,"2":2,"3":2,"4":2,"5":2,"6":11,"7":11,"8":11,"9":11,"10":11,"11":11,"12":11,"13":11,"14":11,"15":1,"16":10,"17":10,"18":0,"19":0,"20":0,"21":0,"22":0,"23":0,"24":0,"25":2,"26":2,"27":1,"28":2,"29":1,"30":1,"31":2,"32":2,"33":1,"34":1,"35":1,"36":1,"37":1,"38":2,"39":2,"40":1,"41":1,"42":1,"43":2,"44":1,"45":1,"46":2,"47":1,"48":1,"49":2,"50":2},"f":{"0":11,"1":0,"2":2,"3":2,"4":2,"5":2,"6":2,"7":2},"b":{"0":[1],"1":[11,10],"2":[2,0],"3":[2,0],"4":[1],"5":[2,1],"6":[1,0],"7":[1,0],"8":[1],"9":[2,1]}}
,"/Users/jessereese/Code/trading-service/src/services/config/custom-config.service.ts": {"path":"/Users/jessereese/Code/trading-service/src/services/config/custom-config.service.ts","statementMap":{"0":{"start":{"line":1,"column":0},"end":{"line":1,"column":44}},"1":{"start":{"line":2,"column":0},"end":{"line":2,"column":47}},"2":{"start":{"line":5,"column":7},"end":{"line":34,"column":null}},"3":{"start":{"line":7,"column":22},"end":{"line":7,"column":37}},"4":{"start":{"line":14,"column":26},"end":{"line":14,"column":66}},"5":{"start":{"line":15,"column":4},"end":{"line":18,"column":5}},"6":{"start":{"line":16,"column":6},"end":{"line":16,"column":93}},"7":{"start":{"line":17,"column":6},"end":{"line":17,"column":16}},"8":{"start":{"line":19,"column":4},"end":{"line":19,"column":63}},"9":{"start":{"line":19,"column":50},"end":{"line":19,"column":61}},"10":{"start":{"line":27,"column":23},"end":{"line":27,"column":59}},"11":{"start":{"line":28,"column":29},"end":{"line":28,"column":51}},"12":{"start":{"line":29,"column":4},"end":{"line":31,"column":5}},"13":{"start":{"line":30,"column":6},"end":{"line":30,"column":80}},"14":{"start":{"line":32,"column":4},"end":{"line":32,"column":28}},"15":{"start":{"line":5,"column":13},"end":{"line":5,"column":32}},"16":{"start":{"line":5,"column":13},"end":{"line":34,"column":null}}},"fnMap":{"0":{"name":"(anonymous_2)","decl":{"start":{"line":7,"column":2},"end":{"line":7,"column":22}},"loc":{"start":{"line":7,"column":50},"end":{"line":7,"column":54}}},"1":{"name":"(anonymous_3)","decl":{"start":{"line":13,"column":2},"end":{"line":13,"column":18}},"loc":{"start":{"line":13,"column":18},"end":{"line":20,"column":3}}},"2":{"name":"(anonymous_4)","decl":{"start":{"line":19,"column":40},"end":{"line":19,"column":41}},"loc":{"start":{"line":19,"column":50},"end":{"line":19,"column":61}}},"3":{"name":"(anonymous_5)","decl":{"start":{"line":26,"column":2},"end":{"line":26,"column":21}},"loc":{"start":{"line":26,"column":21},"end":{"line":33,"column":3}}}},"branchMap":{"0":{"loc":{"start":{"line":15,"column":4},"end":{"line":18,"column":5}},"type":"if","locations":[{"start":{"line":15,"column":4},"end":{"line":18,"column":5}}]},"1":{"loc":{"start":{"line":29,"column":4},"end":{"line":31,"column":5}},"type":"if","locations":[{"start":{"line":29,"column":4},"end":{"line":31,"column":5}}]}},"s":{"0":3,"1":3,"2":3,"3":6,"4":3,"5":3,"6":2,"7":2,"8":1,"9":3,"10":3,"11":3,"12":3,"13":1,"14":2,"15":3,"16":3},"f":{"0":6,"1":3,"2":3,"3":3},"b":{"0":[2],"1":[1]}}
,"/Users/jessereese/Code/trading-service/src/services/market-analysis/market-analysis.service.ts": {"path":"/Users/jessereese/Code/trading-service/src/services/market-analysis/market-analysis.service.ts","statementMap":{"0":{"start":{"line":1,"column":0},"end":{"line":1,"column":52}},"1":{"start":{"line":2,"column":0},"end":{"line":2,"column":70}},"2":{"start":{"line":19,"column":34},"end":{"line":53,"column":null}},"3":{"start":{"line":22,"column":31},"end":{"line":22,"column":46}},"4":{"start":{"line":20,"column":19},"end":{"line":20,"column":67}},"5":{"start":{"line":29,"column":4},"end":{"line":29,"column":81}},"6":{"start":{"line":33,"column":21},"end":{"line":33,"column":72}},"7":{"start":{"line":34,"column":26},"end":{"line":34,"column":63}},"8":{"start":{"line":37,"column":31},"end":{"line":37,"column":87}},"9":{"start":{"line":37,"column":63},"end":{"line":37,"column":86}},"10":{"start":{"line":40,"column":30},"end":{"line":40,"column":93}},"11":{"start":{"line":40,"column":69},"end":{"line":40,"column":92}},"12":{"start":{"line":43,"column":37},"end":{"line":44,"column":null}},"13":{"start":{"line":44,"column":16},"end":{"line":44,"column":85}},"14":{"start":{"line":47,"column":4},"end":{"line":51,"column":6}},"15":{"start":{"line":19,"column":13},"end":{"line":19,"column":34}},"16":{"start":{"line":19,"column":13},"end":{"line":53,"column":null}}},"fnMap":{"0":{"name":"(anonymous_2)","decl":{"start":{"line":22,"column":2},"end":{"line":22,"column":31}},"loc":{"start":{"line":22,"column":65},"end":{"line":22,"column":69}}},"1":{"name":"(anonymous_3)","decl":{"start":{"line":28,"column":2},"end":{"line":28,"column":7}},"loc":{"start":{"line":28,"column":21},"end":{"line":52,"column":3}}},"2":{"name":"(anonymous_4)","decl":{"start":{"line":37,"column":53},"end":{"line":37,"column":54}},"loc":{"start":{"line":37,"column":63},"end":{"line":37,"column":86}}},"3":{"name":"(anonymous_5)","decl":{"start":{"line":40,"column":59},"end":{"line":40,"column":60}},"loc":{"start":{"line":40,"column":69},"end":{"line":40,"column":92}}},"4":{"name":"(anonymous_6)","decl":{"start":{"line":44,"column":6},"end":{"line":44,"column":7}},"loc":{"start":{"line":44,"column":16},"end":{"line":44,"column":85}}}},"branchMap":{"0":{"loc":{"start":{"line":44,"column":16},"end":{"line":44,"column":85}},"type":"binary-expr","locations":[{"start":{"line":44,"column":16},"end":{"line":44,"column":49}},{"start":{"line":44,"column":53},"end":{"line":44,"column":85}}]}},"s":{"0":2,"1":2,"2":2,"3":1,"4":1,"5":1,"6":1,"7":1,"8":1,"9":2,"10":1,"11":3,"12":1,"13":3,"14":1,"15":2,"16":2},"f":{"0":1,"1":1,"2":2,"3":3,"4":3},"b":{"0":[3,1]}}
,"/Users/jessereese/Code/trading-service/src/services/products/products.service.ts": {"path":"/Users/jessereese/Code/trading-service/src/services/products/products.service.ts","statementMap":{"0":{"start":{"line":1,"column":0},"end":{"line":1,"column":44}},"1":{"start":{"line":2,"column":0},"end":{"line":2,"column":44}},"2":{"start":{"line":4,"column":0},"end":{"line":4,"column":62}},"3":{"start":{"line":5,"column":0},"end":{"line":5,"column":63}},"4":{"start":{"line":6,"column":0},"end":{"line":6,"column":47}},"5":{"start":{"line":9,"column":7},"end":{"line":48,"column":null}},"6":{"start":{"line":11,"column":25},"end":{"line":11,"column":38}},"7":{"start":{"line":12,"column":25},"end":{"line":12,"column":42}},"8":{"start":{"line":13,"column":25},"end":{"line":13,"column":40}},"9":{"start":{"line":17,"column":22},"end":{"line":17,"column":56}},"10":{"start":{"line":18,"column":22},"end":{"line":18,"column":58}},"11":{"start":{"line":20,"column":24},"end":{"line":24,"column":10}},"12":{"start":{"line":26,"column":8},"end":{"line":26,"column":29}},"13":{"start":{"line":28,"column":25},"end":{"line":34,"column":null}},"14":{"start":{"line":31,"column":20},"end":{"line":31,"column":48}},"15":{"start":{"line":32,"column":20},"end":{"line":32,"column":47}},"16":{"start":{"line":37,"column":10},"end":{"line":37,"column":22}},"17":{"start":{"line":41,"column":22},"end":{"line":41,"column":56}},"18":{"start":{"line":42,"column":24},"end":{"line":44,"column":10}},"19":{"start":{"line":46,"column":8},"end":{"line":46,"column":116}},"20":{"start":{"line":9,"column":13},"end":{"line":9,"column":28}},"21":{"start":{"line":9,"column":13},"end":{"line":48,"column":null}}},"fnMap":{"0":{"name":"(anonymous_2)","decl":{"start":{"line":10,"column":4},"end":{"line":10,"column":null}},"loc":{"start":{"line":13,"column":53},"end":{"line":14,"column":8}}},"1":{"name":"(anonymous_3)","decl":{"start":{"line":16,"column":4},"end":{"line":16,"column":9}},"loc":{"start":{"line":16,"column":21},"end":{"line":38,"column":5}}},"2":{"name":"(anonymous_4)","decl":{"start":{"line":30,"column":27},"end":{"line":30,"column":28}},"loc":{"start":{"line":30,"column":49},"end":{"line":33,"column":15}}},"3":{"name":"(anonymous_5)","decl":{"start":{"line":40,"column":4},"end":{"line":40,"column":14}},"loc":{"start":{"line":40,"column":32},"end":{"line":47,"column":5}}}},"branchMap":{},"s":{"0":0,"1":0,"2":0,"3":0,"4":0,"5":0,"6":0,"7":0,"8":0,"9":0,"10":0,"11":0,"12":0,"13":0,"14":0,"15":0,"16":0,"17":0,"18":0,"19":0,"20":0,"21":0},"f":{"0":0,"1":0,"2":0,"3":0},"b":{}}
,"/Users/jessereese/Code/trading-service/src/services/profit-gathering/profit-gathering.service.ts": {"path":"/Users/jessereese/Code/trading-service/src/services/profit-gathering/profit-gathering.service.ts","statementMap":{"0":{"start":{"line":1,"column":0},"end":{"line":1,"column":52}},"1":{"start":{"line":4,"column":7},"end":{"line":29,"column":null}},"2":{"start":{"line":8,"column":49},"end":{"line":8,"column":72}},"3":{"start":{"line":5,"column":10},"end":{"line":5,"column":25}},"4":{"start":{"line":12,"column":4},"end":{"line":12,"column":46}},"5":{"start":{"line":16,"column":29},"end":{"line":16,"column":93}},"6":{"start":{"line":17,"column":25},"end":{"line":17,"column":62}},"7":{"start":{"line":19,"column":4},"end":{"line":26,"column":5}},"8":{"start":{"line":20,"column":23},"end":{"line":20,"column":50}},"9":{"start":{"line":21,"column":21},"end":{"line":21,"column":74}},"10":{"start":{"line":22,"column":6},"end":{"line":22,"column":38}},"11":{"start":{"line":24,"column":6},"end":{"line":24,"column":93}},"12":{"start":{"line":25,"column":6},"end":{"line":25,"column":20}},"13":{"start":{"line":27,"column":4},"end":{"line":27,"column":16}},"14":{"start":{"line":4,"column":13},"end":{"line":4,"column":35}},"15":{"start":{"line":4,"column":13},"end":{"line":29,"column":null}}},"fnMap":{"0":{"name":"(anonymous_4)","decl":{"start":{"line":7,"column":2},"end":{"line":7,"column":null}},"loc":{"start":{"line":8,"column":72},"end":{"line":9,"column":6}}},"1":{"name":"(anonymous_5)","decl":{"start":{"line":11,"column":2},"end":{"line":11,"column":17}},"loc":{"start":{"line":11,"column":72},"end":{"line":13,"column":3}}},"2":{"name":"(anonymous_6)","decl":{"start":{"line":15,"column":2},"end":{"line":15,"column":7}},"loc":{"start":{"line":15,"column":97},"end":{"line":28,"column":3}}}},"branchMap":{"0":{"loc":{"start":{"line":19,"column":4},"end":{"line":26,"column":5}},"type":"if","locations":[{"start":{"line":19,"column":4},"end":{"line":26,"column":5}}]}},"s":{"0":1,"1":1,"2":3,"3":3,"4":3,"5":2,"6":2,"7":2,"8":1,"9":1,"10":1,"11":1,"12":1,"13":1,"14":1,"15":1},"f":{"0":3,"1":3,"2":2},"b":{"0":[1]}}
,"/Users/jessereese/Code/trading-service/src/services/trade-analysis/trade-analysis.service.ts": {"path":"/Users/jessereese/Code/trading-service/src/services/trade-analysis/trade-analysis.service.ts","statementMap":{"0":{"start":{"line":1,"column":0},"end":{"line":1,"column":44}},"1":{"start":{"line":10,"column":7},"end":{"line":44,"column":null}},"2":{"start":{"line":18,"column":4},"end":{"line":20,"column":5}},"3":{"start":{"line":19,"column":6},"end":{"line":19,"column":64}},"4":{"start":{"line":22,"column":4},"end":{"line":26,"column":6}},"5":{"start":{"line":24,"column":8},"end":{"line":25,"column":41}},"6":{"start":{"line":36,"column":4},"end":{"line":38,"column":5}},"7":{"start":{"line":37,"column":6},"end":{"line":37,"column":80}},"8":{"start":{"line":40,"column":4},"end":{"line":42,"column":51}},"9":{"start":{"line":41,"column":24},"end":{"line":41,"column":66}},"10":{"start":{"line":42,"column":22},"end":{"line":42,"column":49}},"11":{"start":{"line":10,"column":13},"end":{"line":10,"column":33}},"12":{"start":{"line":10,"column":13},"end":{"line":44,"column":null}}},"fnMap":{"0":{"name":"(anonymous_1)","decl":{"start":{"line":17,"column":2},"end":{"line":17,"column":14}},"loc":{"start":{"line":17,"column":62},"end":{"line":27,"column":3}}},"1":{"name":"(anonymous_2)","decl":{"start":{"line":23,"column":6},"end":{"line":23,"column":7}},"loc":{"start":{"line":24,"column":8},"end":{"line":25,"column":41}}},"2":{"name":"(anonymous_3)","decl":{"start":{"line":35,"column":2},"end":{"line":35,"column":17}},"loc":{"start":{"line":35,"column":56},"end":{"line":43,"column":3}}},"3":{"name":"(anonymous_4)","decl":{"start":{"line":41,"column":14},"end":{"line":41,"column":15}},"loc":{"start":{"line":41,"column":24},"end":{"line":41,"column":66}}},"4":{"name":"(anonymous_5)","decl":{"start":{"line":42,"column":12},"end":{"line":42,"column":13}},"loc":{"start":{"line":42,"column":22},"end":{"line":42,"column":49}}}},"branchMap":{"0":{"loc":{"start":{"line":17,"column":30},"end":{"line":17,"column":62}},"type":"default-arg","locations":[{"start":{"line":17,"column":56},"end":{"line":17,"column":62}}]},"1":{"loc":{"start":{"line":18,"column":4},"end":{"line":20,"column":5}},"type":"if","locations":[{"start":{"line":18,"column":4},"end":{"line":20,"column":5}}]},"2":{"loc":{"start":{"line":24,"column":8},"end":{"line":25,"column":41}},"type":"binary-expr","locations":[{"start":{"line":24,"column":8},"end":{"line":24,"column":32}},{"start":{"line":25,"column":8},"end":{"line":25,"column":41}}]},"3":{"loc":{"start":{"line":36,"column":4},"end":{"line":38,"column":5}},"type":"if","locations":[{"start":{"line":36,"column":4},"end":{"line":38,"column":5}}]},"4":{"loc":{"start":{"line":36,"column":8},"end":{"line":36,"column":62}},"type":"binary-expr","locations":[{"start":{"line":36,"column":8},"end":{"line":36,"column":29}},{"start":{"line":36,"column":33},"end":{"line":36,"column":62}}]}},"s":{"0":1,"1":1,"2":5,"3":1,"4":4,"5":8,"6":5,"7":2,"8":3,"9":8,"10":3,"11":1,"12":1},"f":{"0":5,"1":8,"2":5,"3":8,"4":3},"b":{"0":[4],"1":[1],"2":[8,6],"3":[2],"4":[5,4]}}
,"/Users/jessereese/Code/trading-service/src/services/trading/trading.scheduler.ts": {"path":"/Users/jessereese/Code/trading-service/src/services/trading/trading.scheduler.ts","statementMap":{"0":{"start":{"line":2,"column":0},"end":{"line":2,"column":52}},"1":{"start":{"line":3,"column":0},"end":{"line":3,"column":40}},"2":{"start":{"line":4,"column":0},"end":{"line":4,"column":51}},"3":{"start":{"line":7,"column":29},"end":{"line":22,"column":null}},"4":{"start":{"line":10,"column":31},"end":{"line":10,"column":47}},"5":{"start":{"line":8,"column":19},"end":{"line":8,"column":62}},"6":{"start":{"line":14,"column":4},"end":{"line":14,"column":49}},"7":{"start":{"line":15,"column":4},"end":{"line":20,"column":5}},"8":{"start":{"line":16,"column":6},"end":{"line":16,"column":50}},"9":{"start":{"line":17,"column":6},"end":{"line":17,"column":49}},"10":{"start":{"line":19,"column":6},"end":{"line":19,"column":70}},"11":{"start":{"line":7,"column":13},"end":{"line":7,"column":29}},"12":{"start":{"line":13,"column":8},"end":{"line":21,"column":null}},"13":{"start":{"line":7,"column":13},"end":{"line":22,"column":null}}},"fnMap":{"0":{"name":"(anonymous_2)","decl":{"start":{"line":10,"column":2},"end":{"line":10,"column":31}},"loc":{"start":{"line":10,"column":61},"end":{"line":10,"column":65}}},"1":{"name":"(anonymous_3)","decl":{"start":{"line":13,"column":2},"end":{"line":13,"column":7}},"loc":{"start":{"line":13,"column":23},"end":{"line":21,"column":3}}}},"branchMap":{},"s":{"0":0,"1":0,"2":0,"3":0,"4":0,"5":0,"6":0,"7":0,"8":0,"9":0,"10":0,"11":0,"12":0,"13":0},"f":{"0":0,"1":0},"b":{}}
,"/Users/jessereese/Code/trading-service/src/services/trading/trading.service.ts": {"path":"/Users/jessereese/Code/trading-service/src/services/trading/trading.service.ts","statementMap":{"0":{"start":{"line":1,"column":0},"end":{"line":1,"column":52}},"1":{"start":{"line":2,"column":0},"end":{"line":2,"column":63}},"2":{"start":{"line":3,"column":0},"end":{"line":3,"column":70}},"3":{"start":{"line":5,"column":0},"end":{"line":5,"column":83}},"4":{"start":{"line":8,"column":27},"end":{"line":81,"column":null}},"5":{"start":{"line":12,"column":21},"end":{"line":12,"column":38}},"6":{"start":{"line":13,"column":21},"end":{"line":13,"column":36}},"7":{"start":{"line":14,"column":21},"end":{"line":14,"column":44}},"8":{"start":{"line":9,"column":19},"end":{"line":9,"column":60}},"9":{"start":{"line":21,"column":26},"end":{"line":21,"column":63}},"10":{"start":{"line":22,"column":4},"end":{"line":25,"column":5}},"11":{"start":{"line":23,"column":6},"end":{"line":23,"column":56}},"12":{"start":{"line":24,"column":6},"end":{"line":24,"column":13}},"13":{"start":{"line":27,"column":20},"end":{"line":27,"column":60}},"14":{"start":{"line":28,"column":4},"end":{"line":31,"column":5}},"15":{"start":{"line":29,"column":6},"end":{"line":29,"column":44}},"16":{"start":{"line":30,"column":6},"end":{"line":30,"column":13}},"17":{"start":{"line":33,"column":4},"end":{"line":53,"column":5}},"18":{"start":{"line":34,"column":21},"end":{"line":34,"column":85}},"19":{"start":{"line":34,"column":41},"end":{"line":34,"column":84}},"20":{"start":{"line":35,"column":6},"end":{"line":38,"column":7}},"21":{"start":{"line":36,"column":8},"end":{"line":36,"column":58}},"22":{"start":{"line":37,"column":8},"end":{"line":37,"column":17}},"23":{"start":{"line":40,"column":6},"end":{"line":52,"column":7}},"24":{"start":{"line":41,"column":8},"end":{"line":41,"column":58}},"25":{"start":{"line":42,"column":29},"end":{"line":46,"column":10}},"26":{"start":{"line":48,"column":23},"end":{"line":48,"column":79}},"27":{"start":{"line":49,"column":8},"end":{"line":49,"column":83}},"28":{"start":{"line":51,"column":8},"end":{"line":51,"column":82}},"29":{"start":{"line":57,"column":26},"end":{"line":57,"column":63}},"30":{"start":{"line":58,"column":4},"end":{"line":58,"column":77}},"31":{"start":{"line":60,"column":20},"end":{"line":60,"column":60}},"32":{"start":{"line":61,"column":4},"end":{"line":61,"column":69}},"33":{"start":{"line":63,"column":21},"end":{"line":70,"column":6}},"34":{"start":{"line":64,"column":21},"end":{"line":64,"column":85}},"35":{"start":{"line":64,"column":41},"end":{"line":64,"column":84}},"36":{"start":{"line":65,"column":6},"end":{"line":69,"column":8}},"37":{"start":{"line":72,"column":4},"end":{"line":72,"column":20}},"38":{"start":{"line":79,"column":4},"end":{"line":79,"column":54}},"39":{"start":{"line":8,"column":13},"end":{"line":8,"column":27}},"40":{"start":{"line":8,"column":13},"end":{"line":81,"column":null}}},"fnMap":{"0":{"name":"(anonymous_2)","decl":{"start":{"line":11,"column":2},"end":{"line":11,"column":null}},"loc":{"start":{"line":14,"column":65},"end":{"line":15,"column":6}}},"1":{"name":"(anonymous_3)","decl":{"start":{"line":20,"column":2},"end":{"line":20,"column":7}},"loc":{"start":{"line":20,"column":23},"end":{"line":54,"column":3}}},"2":{"name":"(anonymous_4)","decl":{"start":{"line":34,"column":34},"end":{"line":34,"column":35}},"loc":{"start":{"line":34,"column":41},"end":{"line":34,"column":84}}},"3":{"name":"(anonymous_5)","decl":{"start":{"line":56,"column":2},"end":{"line":56,"column":7}},"loc":{"start":{"line":56,"column":19},"end":{"line":73,"column":3}}},"4":{"name":"(anonymous_6)","decl":{"start":{"line":63,"column":39},"end":{"line":63,"column":40}},"loc":{"start":{"line":63,"column":48},"end":{"line":70,"column":5}}},"5":{"name":"(anonymous_7)","decl":{"start":{"line":64,"column":34},"end":{"line":64,"column":35}},"loc":{"start":{"line":64,"column":41},"end":{"line":64,"column":84}}},"6":{"name":"(anonymous_8)","decl":{"start":{"line":78,"column":2},"end":{"line":78,"column":7}},"loc":{"start":{"line":78,"column":25},"end":{"line":80,"column":3}}}},"branchMap":{"0":{"loc":{"start":{"line":22,"column":4},"end":{"line":25,"column":5}},"type":"if","locations":[{"start":{"line":22,"column":4},"end":{"line":25,"column":5}}]},"1":{"loc":{"start":{"line":28,"column":4},"end":{"line":31,"column":5}},"type":"if","locations":[{"start":{"line":28,"column":4},"end":{"line":31,"column":5}}]},"2":{"loc":{"start":{"line":35,"column":6},"end":{"line":38,"column":7}},"type":"if","locations":[{"start":{"line":35,"column":6},"end":{"line":38,"column":7}}]},"3":{"loc":{"start":{"line":68,"column":23},"end":{"line":68,"column":37}},"type":"binary-expr","locations":[{"start":{"line":68,"column":23},"end":{"line":68,"column":29}},{"start":{"line":68,"column":33},"end":{"line":68,"column":37}}]}},"s":{"0":1,"1":1,"2":1,"3":1,"4":1,"5":1,"6":1,"7":1,"8":1,"9":0,"10":0,"11":0,"12":0,"13":0,"14":0,"15":0,"16":0,"17":0,"18":0,"19":0,"20":0,"21":0,"22":0,"23":0,"24":0,"25":0,"26":0,"27":0,"28":0,"29":0,"30":0,"31":0,"32":0,"33":0,"34":0,"35":0,"36":0,"37":0,"38":0,"39":1,"40":1},"f":{"0":1,"1":0,"2":0,"3":0,"4":0,"5":0,"6":0},"b":{"0":[0],"1":[0],"2":[0],"3":[0,0]}}
}
