TN:
SF:src/app.module.ts
FNF:0
FNH:0
DA:1,0
DA:2,0
DA:3,0
DA:4,0
DA:5,0
DA:6,0
DA:7,0
DA:8,0
DA:9,0
DA:10,0
DA:11,0
DA:35,0
LF:12
LH:0
BRF:0
BRH:0
end_of_record
TN:
SF:src/main.ts
FN:4,bootstrap
FNF:1
FNH:0
FNDA:0,bootstrap
DA:1,0
DA:2,0
DA:5,0
DA:6,0
DA:8,0
LF:5
LH:0
BRDA:6,0,0,0
BRDA:6,0,1,0
BRF:2
BRH:0
end_of_record
TN:
SF:src/api/trading/trading.controller.ts
FN:14,(anonymous_2)
FN:20,(anonymous_3)
FN:36,(anonymous_4)
FN:46,(anonymous_5)
FN:64,(anonymous_6)
FNF:5
FNH:0
FNDA:0,(anonymous_2)
FNDA:0,(anonymous_3)
FNDA:0,(anonymous_4)
FNDA:0,(anonymous_5)
FNDA:0,(anonymous_6)
DA:1,0
DA:7,0
DA:8,0
DA:11,0
DA:12,0
DA:15,0
DA:16,0
DA:20,0
DA:21,0
DA:22,0
DA:23,0
DA:28,0
DA:29,0
DA:36,0
DA:37,0
DA:38,0
DA:39,0
DA:46,0
DA:47,0
DA:48,0
DA:49,0
DA:50,0
DA:52,0
DA:53,0
DA:64,0
DA:65,0
DA:66,0
DA:67,0
DA:68,0
LF:29
LH:0
BRF:0
BRH:0
end_of_record
TN:
SF:src/services/coinbase/coinbase.service.ts
FN:20,(anonymous_2)
FN:34,(anonymous_3)
FN:64,(anonymous_4)
FN:67,(anonymous_5)
FN:79,(anonymous_6)
FN:95,(anonymous_7)
FN:105,(anonymous_8)
FN:117,(anonymous_9)
FNF:8
FNH:7
FNDA:11,(anonymous_2)
FNDA:0,(anonymous_3)
FNDA:2,(anonymous_4)
FNDA:2,(anonymous_5)
FNDA:2,(anonymous_6)
FNDA:2,(anonymous_7)
FNDA:2,(anonymous_8)
FNDA:2,(anonymous_9)
DA:1,2
DA:2,2
DA:4,2
DA:5,2
DA:6,2
DA:9,2
DA:10,11
DA:14,11
DA:15,11
DA:16,11
DA:17,11
DA:20,11
DA:21,11
DA:22,11
DA:24,11
DA:25,1
DA:28,10
DA:31,10
DA:35,0
DA:43,0
DA:49,0
DA:53,0
DA:58,0
DA:59,0
DA:61,0
DA:65,2
DA:66,2
DA:67,2
DA:74,1
DA:75,1
DA:80,2
DA:81,2
DA:82,1
DA:87,1
DA:88,1
DA:90,1
DA:91,1
DA:96,2
DA:97,2
DA:98,1
DA:100,1
DA:101,1
DA:106,2
DA:107,1
DA:109,1
DA:118,2
DA:119,1
DA:121,1
LF:48
LH:41
BRDA:24,0,0,1
BRDA:24,1,0,11
BRDA:24,1,1,10
BRDA:69,2,0,2
BRDA:69,2,1,0
BRDA:70,3,0,2
BRDA:70,3,1,0
BRDA:106,4,0,1
BRDA:106,5,0,2
BRDA:106,5,1,1
BRDA:111,6,0,1
BRDA:111,6,1,0
BRDA:112,7,0,1
BRDA:112,7,1,0
BRDA:118,8,0,1
BRDA:118,9,0,2
BRDA:118,9,1,1
BRF:17
BRH:13
end_of_record
TN:
SF:src/services/config/custom-config.service.ts
FN:7,(anonymous_2)
FN:13,(anonymous_3)
FN:19,(anonymous_4)
FN:26,(anonymous_5)
FNF:4
FNH:4
FNDA:6,(anonymous_2)
FNDA:3,(anonymous_3)
FNDA:3,(anonymous_4)
FNDA:3,(anonymous_5)
DA:1,3
DA:2,3
DA:5,3
DA:7,6
DA:14,3
DA:15,3
DA:16,2
DA:17,2
DA:19,3
DA:27,3
DA:28,3
DA:29,3
DA:30,1
DA:32,2
LF:14
LH:14
BRDA:15,0,0,2
BRDA:29,1,0,1
BRF:2
BRH:2
end_of_record
TN:
SF:src/services/market-analysis/market-analysis.service.ts
FN:22,(anonymous_2)
FN:28,(anonymous_3)
FN:37,(anonymous_4)
FN:40,(anonymous_5)
FN:44,(anonymous_6)
FNF:5
FNH:5
FNDA:1,(anonymous_2)
FNDA:1,(anonymous_3)
FNDA:2,(anonymous_4)
FNDA:3,(anonymous_5)
FNDA:3,(anonymous_6)
DA:1,2
DA:2,2
DA:19,2
DA:20,1
DA:22,1
DA:29,1
DA:33,1
DA:34,1
DA:37,2
DA:40,3
DA:43,1
DA:44,3
DA:47,1
LF:13
LH:13
BRDA:44,0,0,3
BRDA:44,0,1,1
BRF:2
BRH:2
end_of_record
TN:
SF:src/services/products/products.service.ts
FN:10,(anonymous_2)
FN:16,(anonymous_3)
FN:30,(anonymous_4)
FN:40,(anonymous_5)
FNF:4
FNH:0
FNDA:0,(anonymous_2)
FNDA:0,(anonymous_3)
FNDA:0,(anonymous_4)
FNDA:0,(anonymous_5)
DA:1,0
DA:2,0
DA:4,0
DA:5,0
DA:6,0
DA:9,0
DA:11,0
DA:12,0
DA:13,0
DA:17,0
DA:18,0
DA:20,0
DA:26,0
DA:28,0
DA:31,0
DA:32,0
DA:37,0
DA:41,0
DA:42,0
DA:46,0
LF:20
LH:0
BRF:0
BRH:0
end_of_record
TN:
SF:src/services/profit-gathering/profit-gathering.service.ts
FN:7,(anonymous_4)
FN:11,(anonymous_5)
FN:15,(anonymous_6)
FNF:3
FNH:3
FNDA:3,(anonymous_4)
FNDA:3,(anonymous_5)
FNDA:2,(anonymous_6)
DA:1,1
DA:4,1
DA:5,3
DA:8,3
DA:12,3
DA:16,2
DA:17,2
DA:19,2
DA:20,1
DA:21,1
DA:22,1
DA:24,1
DA:25,1
DA:27,1
LF:14
LH:14
BRDA:19,0,0,1
BRF:1
BRH:1
end_of_record
TN:
SF:src/services/trade-analysis/trade-analysis.service.ts
FN:17,(anonymous_1)
FN:23,(anonymous_2)
FN:35,(anonymous_3)
FN:41,(anonymous_4)
FN:42,(anonymous_5)
FNF:5
FNH:5
FNDA:5,(anonymous_1)
FNDA:8,(anonymous_2)
FNDA:5,(anonymous_3)
FNDA:8,(anonymous_4)
FNDA:3,(anonymous_5)
DA:1,1
DA:10,1
DA:18,5
DA:19,1
DA:22,4
DA:24,8
DA:36,5
DA:37,2
DA:40,3
DA:41,8
DA:42,3
LF:11
LH:11
BRDA:17,0,0,4
BRDA:18,1,0,1
BRDA:24,2,0,8
BRDA:24,2,1,6
BRDA:36,3,0,2
BRDA:36,4,0,5
BRDA:36,4,1,4
BRF:7
BRH:7
end_of_record
TN:
SF:src/services/trading/trading.scheduler.ts
FN:10,(anonymous_2)
FN:13,(anonymous_3)
FNF:2
FNH:0
FNDA:0,(anonymous_2)
FNDA:0,(anonymous_3)
DA:2,0
DA:3,0
DA:4,0
DA:7,0
DA:8,0
DA:10,0
DA:13,0
DA:14,0
DA:15,0
DA:16,0
DA:17,0
DA:19,0
LF:12
LH:0
BRF:0
BRH:0
end_of_record
TN:
SF:src/services/trading/trading.service.ts
FN:11,(anonymous_2)
FN:20,(anonymous_3)
FN:34,(anonymous_4)
FN:56,(anonymous_5)
FN:63,(anonymous_6)
FN:64,(anonymous_7)
FN:78,(anonymous_8)
FNF:7
FNH:1
FNDA:1,(anonymous_2)
FNDA:0,(anonymous_3)
FNDA:0,(anonymous_4)
FNDA:0,(anonymous_5)
FNDA:0,(anonymous_6)
FNDA:0,(anonymous_7)
FNDA:0,(anonymous_8)
DA:1,1
DA:2,1
DA:3,1
DA:5,1
DA:8,1
DA:9,1
DA:12,1
DA:13,1
DA:14,1
DA:21,0
DA:22,0
DA:23,0
DA:24,0
DA:27,0
DA:28,0
DA:29,0
DA:30,0
DA:33,0
DA:34,0
DA:35,0
DA:36,0
DA:37,0
DA:40,0
DA:41,0
DA:42,0
DA:48,0
DA:49,0
DA:51,0
DA:57,0
DA:58,0
DA:60,0
DA:61,0
DA:63,0
DA:64,0
DA:65,0
DA:72,0
DA:79,0
LF:37
LH:9
BRDA:22,0,0,0
BRDA:28,1,0,0
BRDA:35,2,0,0
BRDA:68,3,0,0
BRDA:68,3,1,0
BRF:5
BRH:0
end_of_record
